2025-02-22 16:46:00 INFO  Main:35 - saved data reading
2025-02-22 16:46:00 INFO  Main:40 - application start
2025-02-22 16:46:00 INFO  Controller:74 - Main controller initializing
2025-02-22 16:46:09 INFO  NewEditController:89 - new/edit window initializing
2025-02-22 16:46:36 INFO  NewEditController:89 - new/edit window initializing
2025-02-22 16:47:33 INFO  NewEditController:89 - new/edit window initializing
2025-03-16 00:15:57 INFO  Main:35 - saved data reading
2025-03-16 00:15:57 INFO  Main:40 - application start
2025-03-16 00:15:57 INFO  Controller:74 - Main controller initializing
2025-03-16 00:16:10 INFO  NewEditController:89 - new/edit window initializing
2025-03-16 00:16:58 INFO  NewEditController:89 - new/edit window initializing
2025-03-16 00:17:01 INFO  NewEditController:89 - new/edit window initializing
2025-03-16 00:17:37 INFO  TaskInfoController:24 - task info window initializing
2025-03-16 15:49:34 INFO  Main:35 - saved data reading
2025-03-16 15:49:34 INFO  Main:40 - application start
2025-03-16 15:49:34 INFO  Controller:74 - Main controller initializing
2025-03-16 15:49:37 INFO  TaskInfoController:24 - task info window initializing
2025-03-16 15:49:37 ERROR Controller:127 - error loading task-info.fxml
2025-03-16 15:49:41 INFO  TaskInfoController:24 - task info window initializing
2025-04-03 21:18:06 INFO  Main:34 - saved data reading
2025-04-03 21:18:06 ERROR TaskIO:72 - IO exception reading or writing file
2025-04-03 21:18:06 INFO  Main:39 - application start
2025-04-03 21:18:07 INFO  Controller:74 - Main controller initializing
2025-04-03 21:18:11 INFO  NewEditController:89 - new/edit window initializing
2025-05-08 00:31:26 INFO  Main:34 - saved data reading
2025-05-08 00:31:26 ERROR TaskIO:72 - IO exception reading or writing file
2025-05-08 00:31:26 INFO  Main:39 - application start
2025-05-08 00:31:27 INFO  Controller:74 - Main controller initializing
2025-05-08 00:31:34 INFO  NewEditController:89 - new/edit window initializing
